07-27 23:41:44 com_github_MitjaNemec_Archive3DModels.action_archive_3d_models 210:Plugin executed on: 'linux'
07-27 23:41:44 com_github_MitjaNemec_Archive3DModels.action_archive_3d_models 211:Plugin executed with python version: '3.10.5 (main, Jun  9 2022, 00:00:00) [GCC 12.1.1 20220507 (Red Hat 12.1.1-1)]'
07-27 23:41:44 com_github_MitjaNemec_Archive3DModels.action_archive_3d_models 212:KiCad build version: 6.0.6-1.fc36
07-27 23:41:44 com_github_MitjaNemec_Archive3DModels.action_archive_3d_models 213:Plugin version: 1.0.3

07-27 23:41:46 com_github_MitjaNemec_Archive3DModels.archive_3d_models 13:Starting to archive 3D models
07-27 23:41:46 com_github_MitjaNemec_Archive3DModels.archive_3d_models 34:Getting 3D models for footprint of: R4
07-27 23:41:46 com_github_MitjaNemec_Archive3DModels.archive_3d_models 45:Trying to copy: ${KICAD6_3DMODEL_DIR}/Resistor_THT.3dshapes/R_Axial_DIN0204_L3.6mm_D1.6mm_P5.08mm_Horizontal.wrl
07-27 23:41:46 com_github_MitjaNemec_Archive3DModels.archive_3d_models 101:Did not copy: ${KICAD6_3DMODEL_DIR}/Resistor_THT.3dshapes/R_Axial_DIN0204_L3.6mm_D1.6mm_P5.08mm_Horizontal.wrl
07-27 23:41:46 com_github_MitjaNemec_Archive3DModels.archive_3d_models 105:Remapping: ${KICAD6_3DMODEL_DIR}/Resistor_THT.3dshapes/R_Axial_DIN0204_L3.6mm_D1.6mm_P5.08mm_Horizontal.wrl
07-27 23:41:46 com_github_MitjaNemec_Archive3DModels.archive_3d_models 34:Getting 3D models for footprint of: R3
07-27 23:41:46 com_github_MitjaNemec_Archive3DModels.archive_3d_models 45:Trying to copy: ${KICAD6_3DMODEL_DIR}/Resistor_THT.3dshapes/R_Axial_DIN0204_L3.6mm_D1.6mm_P5.08mm_Horizontal.wrl
07-27 23:41:46 com_github_MitjaNemec_Archive3DModels.archive_3d_models 101:Did not copy: ${KICAD6_3DMODEL_DIR}/Resistor_THT.3dshapes/R_Axial_DIN0204_L3.6mm_D1.6mm_P5.08mm_Horizontal.wrl
07-27 23:41:46 com_github_MitjaNemec_Archive3DModels.archive_3d_models 105:Remapping: ${KICAD6_3DMODEL_DIR}/Resistor_THT.3dshapes/R_Axial_DIN0204_L3.6mm_D1.6mm_P5.08mm_Horizontal.wrl
07-27 23:41:46 com_github_MitjaNemec_Archive3DModels.archive_3d_models 34:Getting 3D models for footprint of: U2
07-27 23:41:46 com_github_MitjaNemec_Archive3DModels.archive_3d_models 34:Getting 3D models for footprint of: C7
07-27 23:41:46 com_github_MitjaNemec_Archive3DModels.archive_3d_models 45:Trying to copy: ${MY_3D_MODELS}/R82DC3100CK50K.step
07-27 23:41:46 com_github_MitjaNemec_Archive3DModels.archive_3d_models 105:Remapping: ${MY_3D_MODELS}/R82DC3100CK50K.step
07-27 23:41:46 com_github_MitjaNemec_Archive3DModels.archive_3d_models 34:Getting 3D models for footprint of: R1
07-27 23:41:46 com_github_MitjaNemec_Archive3DModels.archive_3d_models 45:Trying to copy: ${KICAD6_3DMODEL_DIR}/Resistor_THT.3dshapes/R_Axial_DIN0204_L3.6mm_D1.6mm_P5.08mm_Horizontal.wrl
07-27 23:41:46 com_github_MitjaNemec_Archive3DModels.archive_3d_models 101:Did not copy: ${KICAD6_3DMODEL_DIR}/Resistor_THT.3dshapes/R_Axial_DIN0204_L3.6mm_D1.6mm_P5.08mm_Horizontal.wrl
07-27 23:41:46 com_github_MitjaNemec_Archive3DModels.archive_3d_models 105:Remapping: ${KICAD6_3DMODEL_DIR}/Resistor_THT.3dshapes/R_Axial_DIN0204_L3.6mm_D1.6mm_P5.08mm_Horizontal.wrl
07-27 23:41:46 com_github_MitjaNemec_Archive3DModels.archive_3d_models 34:Getting 3D models for footprint of: A1
07-27 23:41:46 com_github_MitjaNemec_Archive3DModels.archive_3d_models 45:Trying to copy: ${KICAD6_3DMODEL_DIR}/Module.3dshapes/Arduino_Nano_WithMountingHoles.wrl
07-27 23:41:46 com_github_MitjaNemec_Archive3DModels.archive_3d_models 101:Did not copy: ${KICAD6_3DMODEL_DIR}/Module.3dshapes/Arduino_Nano_WithMountingHoles.wrl
07-27 23:41:46 com_github_MitjaNemec_Archive3DModels.archive_3d_models 105:Remapping: ${KICAD6_3DMODEL_DIR}/Module.3dshapes/Arduino_Nano_WithMountingHoles.wrl
07-27 23:41:46 com_github_MitjaNemec_Archive3DModels.archive_3d_models 34:Getting 3D models for footprint of: C6
07-27 23:41:46 com_github_MitjaNemec_Archive3DModels.archive_3d_models 45:Trying to copy: ${MY_3D_MODELS}/R82DC3100CK50K.step
07-27 23:41:46 com_github_MitjaNemec_Archive3DModels.archive_3d_models 105:Remapping: ${MY_3D_MODELS}/R82DC3100CK50K.step
07-27 23:41:46 com_github_MitjaNemec_Archive3DModels.archive_3d_models 34:Getting 3D models for footprint of: R8
07-27 23:41:46 com_github_MitjaNemec_Archive3DModels.archive_3d_models 45:Trying to copy: ${KICAD6_3DMODEL_DIR}/Resistor_THT.3dshapes/R_Axial_DIN0204_L3.6mm_D1.6mm_P5.08mm_Horizontal.wrl
07-27 23:41:46 com_github_MitjaNemec_Archive3DModels.archive_3d_models 101:Did not copy: ${KICAD6_3DMODEL_DIR}/Resistor_THT.3dshapes/R_Axial_DIN0204_L3.6mm_D1.6mm_P5.08mm_Horizontal.wrl
07-27 23:41:46 com_github_MitjaNemec_Archive3DModels.archive_3d_models 105:Remapping: ${KICAD6_3DMODEL_DIR}/Resistor_THT.3dshapes/R_Axial_DIN0204_L3.6mm_D1.6mm_P5.08mm_Horizontal.wrl
07-27 23:41:46 com_github_MitjaNemec_Archive3DModels.archive_3d_models 34:Getting 3D models for footprint of: C8
07-27 23:41:46 com_github_MitjaNemec_Archive3DModels.archive_3d_models 45:Trying to copy: ${MY_3D_MODELS}/R82DC3100CK50K.step
07-27 23:41:46 com_github_MitjaNemec_Archive3DModels.archive_3d_models 105:Remapping: ${MY_3D_MODELS}/R82DC3100CK50K.step
07-27 23:41:46 com_github_MitjaNemec_Archive3DModels.archive_3d_models 34:Getting 3D models for footprint of: C16
07-27 23:41:46 com_github_MitjaNemec_Archive3DModels.archive_3d_models 45:Trying to copy: ${MY_3D_MODELS}/R82DC3100CK50K.step
07-27 23:41:46 com_github_MitjaNemec_Archive3DModels.archive_3d_models 105:Remapping: ${MY_3D_MODELS}/R82DC3100CK50K.step
07-27 23:41:46 com_github_MitjaNemec_Archive3DModels.archive_3d_models 34:Getting 3D models for footprint of: U1
07-27 23:41:46 com_github_MitjaNemec_Archive3DModels.archive_3d_models 34:Getting 3D models for footprint of: C10
07-27 23:41:46 com_github_MitjaNemec_Archive3DModels.archive_3d_models 45:Trying to copy: ${MY_3D_MODELS}/R82DC3100CK50K.step
07-27 23:41:46 com_github_MitjaNemec_Archive3DModels.archive_3d_models 105:Remapping: ${MY_3D_MODELS}/R82DC3100CK50K.step
07-27 23:41:46 com_github_MitjaNemec_Archive3DModels.archive_3d_models 34:Getting 3D models for footprint of: C4
07-27 23:41:46 com_github_MitjaNemec_Archive3DModels.archive_3d_models 45:Trying to copy: ${MY_3D_MODELS}/R82DC3100CK50K.step
07-27 23:41:46 com_github_MitjaNemec_Archive3DModels.archive_3d_models 105:Remapping: ${MY_3D_MODELS}/R82DC3100CK50K.step
07-27 23:41:46 com_github_MitjaNemec_Archive3DModels.archive_3d_models 34:Getting 3D models for footprint of: J1
07-27 23:41:46 com_github_MitjaNemec_Archive3DModels.archive_3d_models 45:Trying to copy: ${MY_3D_MODELS}/282856-8.step
07-27 23:41:46 com_github_MitjaNemec_Archive3DModels.archive_3d_models 105:Remapping: ${MY_3D_MODELS}/282856-8.step
07-27 23:41:46 com_github_MitjaNemec_Archive3DModels.archive_3d_models 34:Getting 3D models for footprint of: R5
07-27 23:41:46 com_github_MitjaNemec_Archive3DModels.archive_3d_models 45:Trying to copy: ${KICAD6_3DMODEL_DIR}/Resistor_THT.3dshapes/R_Axial_DIN0204_L3.6mm_D1.6mm_P5.08mm_Horizontal.wrl
07-27 23:41:46 com_github_MitjaNemec_Archive3DModels.archive_3d_models 101:Did not copy: ${KICAD6_3DMODEL_DIR}/Resistor_THT.3dshapes/R_Axial_DIN0204_L3.6mm_D1.6mm_P5.08mm_Horizontal.wrl
07-27 23:41:46 com_github_MitjaNemec_Archive3DModels.archive_3d_models 105:Remapping: ${KICAD6_3DMODEL_DIR}/Resistor_THT.3dshapes/R_Axial_DIN0204_L3.6mm_D1.6mm_P5.08mm_Horizontal.wrl
07-27 23:41:46 com_github_MitjaNemec_Archive3DModels.archive_3d_models 34:Getting 3D models for footprint of: J2
07-27 23:41:46 com_github_MitjaNemec_Archive3DModels.archive_3d_models 45:Trying to copy: ${MY_3D_MODELS}/Raspberry Pi 4 Model B.step
07-27 23:41:46 com_github_MitjaNemec_Archive3DModels.archive_3d_models 105:Remapping: ${MY_3D_MODELS}/Raspberry Pi 4 Model B.step
07-27 23:41:46 com_github_MitjaNemec_Archive3DModels.archive_3d_models 34:Getting 3D models for footprint of: M3
07-27 23:41:46 com_github_MitjaNemec_Archive3DModels.archive_3d_models 45:Trying to copy: ${MY_3D_MODELS}/1-350944-0.step
07-27 23:41:46 com_github_MitjaNemec_Archive3DModels.archive_3d_models 105:Remapping: ${MY_3D_MODELS}/1-350944-0.step
07-27 23:41:46 com_github_MitjaNemec_Archive3DModels.archive_3d_models 34:Getting 3D models for footprint of: C5
07-27 23:41:46 com_github_MitjaNemec_Archive3DModels.archive_3d_models 45:Trying to copy: ${MY_3D_MODELS}/R82DC3100CK50K.step
07-27 23:41:46 com_github_MitjaNemec_Archive3DModels.archive_3d_models 105:Remapping: ${MY_3D_MODELS}/R82DC3100CK50K.step
07-27 23:41:46 com_github_MitjaNemec_Archive3DModels.archive_3d_models 34:Getting 3D models for footprint of: C12
07-27 23:41:46 com_github_MitjaNemec_Archive3DModels.archive_3d_models 45:Trying to copy: ${MY_3D_MODELS}/R82DC3100CK50K.step
07-27 23:41:46 com_github_MitjaNemec_Archive3DModels.archive_3d_models 105:Remapping: ${MY_3D_MODELS}/R82DC3100CK50K.step
07-27 23:41:46 com_github_MitjaNemec_Archive3DModels.archive_3d_models 34:Getting 3D models for footprint of: M4
07-27 23:41:46 com_github_MitjaNemec_Archive3DModels.archive_3d_models 45:Trying to copy: ${MY_3D_MODELS}/1-350944-0.step
07-27 23:41:46 com_github_MitjaNemec_Archive3DModels.archive_3d_models 105:Remapping: ${MY_3D_MODELS}/1-350944-0.step
07-27 23:41:46 com_github_MitjaNemec_Archive3DModels.archive_3d_models 34:Getting 3D models for footprint of: C13
07-27 23:41:46 com_github_MitjaNemec_Archive3DModels.archive_3d_models 45:Trying to copy: ${MY_3D_MODELS}/R82DC3100CK50K.step
07-27 23:41:46 com_github_MitjaNemec_Archive3DModels.archive_3d_models 105:Remapping: ${MY_3D_MODELS}/R82DC3100CK50K.step
07-27 23:41:46 com_github_MitjaNemec_Archive3DModels.archive_3d_models 34:Getting 3D models for footprint of: R7
07-27 23:41:46 com_github_MitjaNemec_Archive3DModels.archive_3d_models 45:Trying to copy: ${KICAD6_3DMODEL_DIR}/Resistor_THT.3dshapes/R_Axial_DIN0204_L3.6mm_D1.6mm_P5.08mm_Horizontal.wrl
07-27 23:41:46 com_github_MitjaNemec_Archive3DModels.archive_3d_models 101:Did not copy: ${KICAD6_3DMODEL_DIR}/Resistor_THT.3dshapes/R_Axial_DIN0204_L3.6mm_D1.6mm_P5.08mm_Horizontal.wrl
07-27 23:41:46 com_github_MitjaNemec_Archive3DModels.archive_3d_models 105:Remapping: ${KICAD6_3DMODEL_DIR}/Resistor_THT.3dshapes/R_Axial_DIN0204_L3.6mm_D1.6mm_P5.08mm_Horizontal.wrl
07-27 23:41:46 com_github_MitjaNemec_Archive3DModels.archive_3d_models 34:Getting 3D models for footprint of: R6
07-27 23:41:46 com_github_MitjaNemec_Archive3DModels.archive_3d_models 45:Trying to copy: ${KICAD6_3DMODEL_DIR}/Resistor_THT.3dshapes/R_Axial_DIN0204_L3.6mm_D1.6mm_P5.08mm_Horizontal.wrl
07-27 23:41:46 com_github_MitjaNemec_Archive3DModels.archive_3d_models 101:Did not copy: ${KICAD6_3DMODEL_DIR}/Resistor_THT.3dshapes/R_Axial_DIN0204_L3.6mm_D1.6mm_P5.08mm_Horizontal.wrl
07-27 23:41:46 com_github_MitjaNemec_Archive3DModels.archive_3d_models 105:Remapping: ${KICAD6_3DMODEL_DIR}/Resistor_THT.3dshapes/R_Axial_DIN0204_L3.6mm_D1.6mm_P5.08mm_Horizontal.wrl
07-27 23:41:46 com_github_MitjaNemec_Archive3DModels.archive_3d_models 34:Getting 3D models for footprint of: C15
07-27 23:41:46 com_github_MitjaNemec_Archive3DModels.archive_3d_models 45:Trying to copy: ${MY_3D_MODELS}/R82DC3100CK50K.step
07-27 23:41:46 com_github_MitjaNemec_Archive3DModels.archive_3d_models 105:Remapping: ${MY_3D_MODELS}/R82DC3100CK50K.step
07-27 23:41:46 com_github_MitjaNemec_Archive3DModels.archive_3d_models 34:Getting 3D models for footprint of: M1
07-27 23:41:46 com_github_MitjaNemec_Archive3DModels.archive_3d_models 45:Trying to copy: ${MY_3D_MODELS}/1-350944-0.step
07-27 23:41:46 com_github_MitjaNemec_Archive3DModels.archive_3d_models 105:Remapping: ${MY_3D_MODELS}/1-350944-0.step
07-27 23:41:46 com_github_MitjaNemec_Archive3DModels.archive_3d_models 34:Getting 3D models for footprint of: R2
07-27 23:41:46 com_github_MitjaNemec_Archive3DModels.archive_3d_models 45:Trying to copy: ${KICAD6_3DMODEL_DIR}/Resistor_THT.3dshapes/R_Axial_DIN0204_L3.6mm_D1.6mm_P5.08mm_Horizontal.wrl
07-27 23:41:46 com_github_MitjaNemec_Archive3DModels.archive_3d_models 101:Did not copy: ${KICAD6_3DMODEL_DIR}/Resistor_THT.3dshapes/R_Axial_DIN0204_L3.6mm_D1.6mm_P5.08mm_Horizontal.wrl
07-27 23:41:46 com_github_MitjaNemec_Archive3DModels.archive_3d_models 105:Remapping: ${KICAD6_3DMODEL_DIR}/Resistor_THT.3dshapes/R_Axial_DIN0204_L3.6mm_D1.6mm_P5.08mm_Horizontal.wrl
07-27 23:41:46 com_github_MitjaNemec_Archive3DModels.archive_3d_models 34:Getting 3D models for footprint of: U4
07-27 23:41:46 com_github_MitjaNemec_Archive3DModels.archive_3d_models 34:Getting 3D models for footprint of: C11
07-27 23:41:46 com_github_MitjaNemec_Archive3DModels.archive_3d_models 45:Trying to copy: ${MY_3D_MODELS}/R82DC3100CK50K.step
07-27 23:41:46 com_github_MitjaNemec_Archive3DModels.archive_3d_models 105:Remapping: ${MY_3D_MODELS}/R82DC3100CK50K.step
07-27 23:41:46 com_github_MitjaNemec_Archive3DModels.archive_3d_models 34:Getting 3D models for footprint of: C2
07-27 23:41:46 com_github_MitjaNemec_Archive3DModels.archive_3d_models 45:Trying to copy: ${MY_3D_MODELS}/R82DC3100CK50K.step
07-27 23:41:46 com_github_MitjaNemec_Archive3DModels.archive_3d_models 105:Remapping: ${MY_3D_MODELS}/R82DC3100CK50K.step
07-27 23:41:46 com_github_MitjaNemec_Archive3DModels.archive_3d_models 34:Getting 3D models for footprint of: C9
07-27 23:41:46 com_github_MitjaNemec_Archive3DModels.archive_3d_models 45:Trying to copy: ${MY_3D_MODELS}/R82DC3100CK50K.step
07-27 23:41:46 com_github_MitjaNemec_Archive3DModels.archive_3d_models 105:Remapping: ${MY_3D_MODELS}/R82DC3100CK50K.step
07-27 23:41:46 com_github_MitjaNemec_Archive3DModels.archive_3d_models 34:Getting 3D models for footprint of: U3
07-27 23:41:46 com_github_MitjaNemec_Archive3DModels.archive_3d_models 34:Getting 3D models for footprint of: C14
07-27 23:41:46 com_github_MitjaNemec_Archive3DModels.archive_3d_models 45:Trying to copy: ${MY_3D_MODELS}/R82DC3100CK50K.step
07-27 23:41:46 com_github_MitjaNemec_Archive3DModels.archive_3d_models 105:Remapping: ${MY_3D_MODELS}/R82DC3100CK50K.step
07-27 23:41:46 com_github_MitjaNemec_Archive3DModels.archive_3d_models 34:Getting 3D models for footprint of: M2
07-27 23:41:46 com_github_MitjaNemec_Archive3DModels.archive_3d_models 45:Trying to copy: ${MY_3D_MODELS}/1-350944-0.step
07-27 23:41:46 com_github_MitjaNemec_Archive3DModels.archive_3d_models 105:Remapping: ${MY_3D_MODELS}/1-350944-0.step
07-27 23:41:46 com_github_MitjaNemec_Archive3DModels.archive_3d_models 34:Getting 3D models for footprint of: C1
07-27 23:41:46 com_github_MitjaNemec_Archive3DModels.archive_3d_models 45:Trying to copy: ${MY_3D_MODELS}/R82DC3100CK50K.step
07-27 23:41:46 com_github_MitjaNemec_Archive3DModels.archive_3d_models 105:Remapping: ${MY_3D_MODELS}/R82DC3100CK50K.step
07-27 23:41:46 com_github_MitjaNemec_Archive3DModels.archive_3d_models 34:Getting 3D models for footprint of: C3
07-27 23:41:46 com_github_MitjaNemec_Archive3DModels.archive_3d_models 45:Trying to copy: ${MY_3D_MODELS}/R82DC3100CK50K.step
07-27 23:41:46 com_github_MitjaNemec_Archive3DModels.archive_3d_models 105:Remapping: ${MY_3D_MODELS}/R82DC3100CK50K.step
07-27 23:41:46 com_github_MitjaNemec_Archive3DModels.archive_3d_models 116:Did not succeed to copy 3D models!
('R4', '${KICAD6_3DMODEL_DIR}/Resistor_THT.3dshapes/R_Axial_DIN0204_L3.6mm_D1.6mm_P5.08mm_Horizontal.wrl')
('R3', '${KICAD6_3DMODEL_DIR}/Resistor_THT.3dshapes/R_Axial_DIN0204_L3.6mm_D1.6mm_P5.08mm_Horizontal.wrl')
('R1', '${KICAD6_3DMODEL_DIR}/Resistor_THT.3dshapes/R_Axial_DIN0204_L3.6mm_D1.6mm_P5.08mm_Horizontal.wrl')
('A1', '${KICAD6_3DMODEL_DIR}/Module.3dshapes/Arduino_Nano_WithMountingHoles.wrl')
('R8', '${KICAD6_3DMODEL_DIR}/Resistor_THT.3dshapes/R_Axial_DIN0204_L3.6mm_D1.6mm_P5.08mm_Horizontal.wrl')
('R5', '${KICAD6_3DMODEL_DIR}/Resistor_THT.3dshapes/R_Axial_DIN0204_L3.6mm_D1.6mm_P5.08mm_Horizontal.wrl')
('R7', '${KICAD6_3DMODEL_DIR}/Resistor_THT.3dshapes/R_Axial_DIN0204_L3.6mm_D1.6mm_P5.08mm_Horizontal.wrl')
('R6', '${KICAD6_3DMODEL_DIR}/Resistor_THT.3dshapes/R_Axial_DIN0204_L3.6mm_D1.6mm_P5.08mm_Horizontal.wrl')
('R2', '${KICAD6_3DMODEL_DIR}/Resistor_THT.3dshapes/R_Axial_DIN0204_L3.6mm_D1.6mm_P5.08mm_Horizontal.wrl')
